<?xml version="1.0" encoding="UTF-8"?>
<testsuite name="MainTest" tests="1" skipped="0" failures="0" errors="0" timestamp="2019-05-07T08:46:57" hostname="moral-ThinkPad-T400" time="59.941">
  <properties/>
  <testcase name="createPerson" classname="MainTest" time="59.941"/>
  <system-out><![CDATA[null
]]></system-out>
  <system-err><![CDATA[]]></system-err>
</testsuite>
